Build started 10/13/2015 7:58:17 PM.
     1>Project "C:\Users\Lolipop\documents\visual studio 2015\Projects\COMP465\COMP465\COMP465.vcxproj" on node 2 (Build target(s)).
     1>ClCompile:
         C:\Program Files (x86)\Microsoft Visual Studio 14.0\VC\bin\CL.exe /c /I.\include /ZI /nologo /W3 /WX- /sdl /Od /Oy- /D _CRT_SECURE_NO_WARNINGS /D _MBCS /Gm /EHsc /RTC1 /MDd /GS /fp:precise /Zc:wchar_t /Zc:forScope /Zc:inline /Fo"Debug\\" /Fd"Debug\vc140.pdb" /Gd /TP /analyze- /errorReport:prompt main.cpp
         main.cpp
         GLM: version 0.9.7.1
         GLM: Windows platform detected
         GLM: Visual C++ compiler detected
         GLM: 32 bits model
         GLM: SSE2 instruction set
         GLM: C++0x
         GLM: Language extensions enabled
         GLM: Swizzling operators disabled, #define GLM_SWIZZLE to enable swizzle operators
         GLM: .length() returns glm::length_t, a typedef of int following the GLSL specification
         GLM: Core library included
         GLM: GLM_GTC_constants extension included
         GLM: GLM_GTC_matrix_transform extension included
         GLM: GLM_GTC_quaternion extension included
         GLM: GLM_GTC_type_ptr extension included
     1>c:\users\lolipop\documents\visual studio 2015\projects\comp465\comp465\main.cpp(198): warning C4244: 'argument': conversion from 'int' to 'GLfloat', possible loss of data
     1>c:\users\lolipop\documents\visual studio 2015\projects\comp465\comp465\main.cpp(216): warning C4305: 'argument': truncation from 'double' to 'GLfloat'
     1>c:\users\lolipop\documents\visual studio 2015\projects\comp465\comp465\main.cpp(559): warning C4244: 'argument': conversion from 'double' to 'GLint', possible loss of data
       Link:
         C:\Program Files (x86)\Microsoft Visual Studio 14.0\VC\bin\link.exe /ERRORREPORT:PROMPT /OUT:"C:\Users\Lolipop\documents\visual studio 2015\Projects\COMP465\Debug\COMP465.exe" /INCREMENTAL /NOLOGO /LIBPATH:.\lib freeglut.lib glew32.lib glew32s.lib SDL2.lib SDL2main.lib SDL2test.lib kernel32.lib user32.lib gdi32.lib winspool.lib comdlg32.lib advapi32.lib shell32.lib ole32.lib oleaut32.lib uuid.lib odbc32.lib odbccp32.lib /MANIFEST /MANIFESTUAC:"level='asInvoker' uiAccess='false'" /manifest:embed /Debug /PDB:"C:\Users\Lolipop\documents\visual studio 2015\Projects\COMP465\Debug\COMP465.pdb" /TLBID:1 /DYNAMICBASE /NXCOMPAT /IMPLIB:"C:\Users\Lolipop\documents\visual studio 2015\Projects\COMP465\Debug\COMP465.lib" /MACHINE:X86 Debug\main.obj
         COMP465.vcxproj -> C:\Users\Lolipop\documents\visual studio 2015\Projects\COMP465\Debug\COMP465.exe
     1>Done Building Project "C:\Users\Lolipop\documents\visual studio 2015\Projects\COMP465\COMP465\COMP465.vcxproj" (Build target(s)).

Build succeeded.

Time Elapsed 00:00:02.01
